2024-02-16T11:03:22.882Z - WARNING: Login successfully
2024-02-16T11:03:27.886Z - ERROR: Application started
2024-02-16T11:03:32.897Z - INFO: Disk space low
2024-02-16T11:03:37.906Z - INFO: User logged in
2024-02-16T11:03:42.909Z - WARNING: Application started
2024-02-16T11:03:47.912Z - WARNING: Application started
2024-02-16T11:03:52.920Z - SUCCESS: Task completed successfully
2024-02-16T11:03:57.934Z - WARNING: Task completed successfully
2024-02-16T11:04:02.947Z - WARNING: User logged in
2024-02-16T11:04:07.947Z - INFO: Task completed successfully
2024-02-16T11:04:17.522Z - INFO: Task completed successfully
2024-02-16T11:04:22.527Z - INFO: Application started
2024-02-16T11:04:27.530Z - INFO: Something went wrong
2024-02-16T11:04:32.542Z - ERROR: Task completed successfully
2024-02-16T11:04:37.554Z - WARNING: Disk space low
2024-02-16T11:04:42.555Z - SUCCESS: Disk space low
2024-02-16T11:04:47.563Z - INFO: Login successfully
2024-02-16T11:04:52.565Z - SUCCESS: Login successfully
2024-02-16T11:04:57.577Z - INFO: Task completed successfully
2024-02-16T11:05:02.592Z - ERROR: Disk space low
2024-02-16T11:05:07.605Z - ERROR: Task completed successfully
2024-02-16T11:05:12.618Z - ERROR: Task completed successfully
2024-02-16T11:05:17.620Z - SUCCESS: Login successfully
2024-02-16T11:05:22.623Z - ERROR: Disk space low
2024-02-16T11:05:27.630Z - WARNING: User logged in
2024-02-16T11:05:32.642Z - INFO: User logged in
2024-02-16T11:05:37.656Z - ERROR: Task completed successfully
2024-02-16T11:05:42.671Z - WARNING: Task completed successfully
2024-02-16T11:05:47.675Z - SUCCESS: User logged in
2024-02-16T11:05:52.687Z - ERROR: Login successfully
2024-02-16T11:05:57.701Z - SUCCESS: Something went wrong
2024-02-16T11:06:02.702Z - INFO: Application started
2024-02-16T11:06:07.711Z - SUCCESS: Application started
2024-02-16T11:06:12.715Z - SUCCESS: Something went wrong
2024-02-16T11:06:17.718Z - SUCCESS: Application started
2024-02-16T11:06:22.723Z - INFO: Something went wrong
2024-02-16T11:08:18.390Z - SUCCESS: Task completed successfully
2024-02-16T11:08:29.785Z - SUCCESS: Login successfully
2024-02-16T11:08:34.799Z - WARNING: Login successfully
2024-02-16T11:08:39.806Z - WARNING: Login successfully
2024-02-16T11:08:44.819Z - WARNING: Login successfully
2024-02-16T11:08:49.833Z - ERROR: Application started
2024-02-16T11:08:54.845Z - SUCCESS: Login successfully
2024-02-16T11:08:59.849Z - WARNING: Task completed successfully
2024-02-16T11:09:04.857Z - ERROR: Login successfully
2024-02-16T11:09:09.870Z - SUCCESS: Something went wrong
2024-02-16T11:09:14.881Z - SUCCESS: Disk space low
2024-02-16T11:09:19.884Z - WARNING: Something went wrong
2024-02-16T11:09:24.895Z - SUCCESS: Something went wrong
2024-02-16T11:09:29.905Z - WARNING: Application started
2024-02-16T11:09:34.908Z - WARNING: User logged in
2024-02-16T11:09:39.918Z - INFO: Task completed successfully
2024-02-16T11:09:44.932Z - SUCCESS: Task completed successfully
2024-02-16T11:09:49.947Z - ERROR: Something went wrong
2024-02-16T11:09:54.958Z - INFO: Disk space low
2024-02-16T11:09:59.961Z - ERROR: Task completed successfully
2024-02-16T11:10:04.963Z - ERROR: Application started
2024-02-16T11:10:09.970Z - ERROR: Application started
2024-02-16T11:10:14.976Z - ERROR: Login successfully
2024-02-16T11:10:19.980Z - INFO: Something went wrong
2024-02-16T11:10:24.996Z - WARNING: Application started
2024-02-16T11:10:30.000Z - SUCCESS: Task completed successfully
2024-02-16T11:11:14.106Z - SUCCESS: Disk space low
2024-02-16T11:11:19.108Z - ERROR: Something went wrong
2024-02-16T11:11:24.122Z - WARNING: Application started
2024-02-16T11:11:29.133Z - INFO: Disk space low
2024-02-16T11:11:34.146Z - INFO: Application started
2024-02-16T11:11:39.157Z - SUCCESS: Task completed successfully
2024-02-16T11:11:44.166Z - INFO: Task completed successfully
2024-02-16T11:11:49.170Z - WARNING: User logged in
2024-02-16T11:11:54.173Z - WARNING: Something went wrong
2024-02-16T11:11:59.175Z - INFO: Login successfully
2024-02-16T11:12:04.189Z - WARNING: Login successfully
2024-02-16T11:12:09.191Z - ERROR: Login successfully
2024-02-16T11:12:14.204Z - SUCCESS: Login successfully
2024-02-16T11:12:19.216Z - WARNING: Something went wrong
2024-02-16T11:12:24.226Z - INFO: User logged in
2024-02-16T11:12:29.237Z - ERROR: User logged in
2024-02-16T11:12:34.251Z - INFO: Task completed successfully
2024-02-16T11:12:39.255Z - ERROR: Something went wrong
2024-02-16T11:12:49.782Z - ERROR: Disk space low
2024-02-16T11:12:54.785Z - WARNING: Login successfully
2024-02-16T11:12:59.796Z - SUCCESS: Disk space low
2024-02-16T11:13:04.801Z - SUCCESS: Login successfully
2024-02-16T11:13:09.810Z - INFO: Something went wrong
2024-02-16T11:13:14.819Z - ERROR: Disk space low
2024-02-16T11:13:19.834Z - SUCCESS: User logged in
2024-02-16T11:13:24.849Z - ERROR: Login successfully
2024-02-16T11:13:29.851Z - WARNING: Application started
2024-02-16T11:13:34.854Z - INFO: Task completed successfully
2024-02-16T11:13:39.866Z - ERROR: Task completed successfully
2024-02-16T11:13:44.880Z - WARNING: Something went wrong
2024-02-16T11:13:49.888Z - WARNING: Disk space low
2024-02-16T11:13:54.901Z - INFO: Something went wrong
2024-02-16T11:13:59.915Z - ERROR: Login successfully
2024-02-16T11:14:04.915Z - INFO: Disk space low
2024-02-16T11:14:09.930Z - WARNING: Something went wrong
2024-02-16T11:14:14.936Z - INFO: Login successfully
2024-02-16T11:14:19.945Z - WARNING: Login successfully
2024-02-16T11:14:24.950Z - INFO: User logged in
2024-02-16T11:14:29.950Z - WARNING: Disk space low
2024-02-16T11:14:34.964Z - WARNING: Application started
2024-02-16T11:14:39.967Z - ERROR: Disk space low
2024-02-16T11:14:44.970Z - WARNING: User logged in
2024-02-16T11:14:49.983Z - WARNING: Task completed successfully
2024-02-16T11:14:54.986Z - WARNING: Login successfully
2024-02-16T11:14:59.998Z - INFO: Application started
2024-02-16T11:15:05.008Z - SUCCESS: Login successfully
2024-02-16T11:15:10.018Z - INFO: Application started
2024-02-16T11:15:15.032Z - SUCCESS: Disk space low
2024-02-16T11:15:20.041Z - WARNING: Task completed successfully
2024-02-16T11:15:25.050Z - ERROR: Disk space low
2024-02-16T11:15:30.051Z - ERROR: User logged in
2024-02-16T11:15:35.056Z - INFO: Disk space low
2024-02-16T11:15:40.068Z - INFO: Task completed successfully
